<?xml version="1.0" encoding="UTF-8"?>
<testng-results skipped="0" failed="0" ignored="0" total="1" passed="1">
  <reporter-output>
  </reporter-output>
  <suite name="Default suite" duration-ms="11205" started-at="2021-04-06T16:36:08Z" finished-at="2021-04-06T16:36:19Z">
    <groups>
      <group name="cucumber">
        <method signature="AbstractTestNGCucumberTests.feature(cucumber.api.testng.CucumberFeatureWrapper)[pri:0, instance:com.qa.actitime.automation.runners.TestRunner@273e7444]" name="feature" class="cucumber.api.testng.AbstractTestNGCucumberTests"/>
      </group> <!-- cucumber -->
    </groups>
    <test name="Default test" duration-ms="11205" started-at="2021-04-06T16:36:08Z" finished-at="2021-04-06T16:36:19Z">
      <class name="com.qa.actitime.automation.runners.TestRunner">
        <test-method status="PASS" signature="setUpClass()[pri:0, instance:com.qa.actitime.automation.runners.TestRunner@273e7444]" name="setUpClass" is-config="true" duration-ms="128" started-at="2021-04-06T16:36:08Z" finished-at="2021-04-06T16:36:08Z">
          <reporter-output>
          </reporter-output>
        </test-method> <!-- setUpClass -->
        <test-method status="PASS" signature="feature(cucumber.api.testng.CucumberFeatureWrapper)[pri:0, instance:com.qa.actitime.automation.runners.TestRunner@273e7444]" name="feature" duration-ms="10801" started-at="2021-04-06T16:36:08Z" description="Runs Cucumber Feature" data-provider="features" finished-at="2021-04-06T16:36:19Z">
          <params>
            <param index="0">
              <value>
                <![CDATA[Test the Application]]>
              </value>
            </param>
          </params>
          <reporter-output>
          </reporter-output>
        </test-method> <!-- feature -->
        <test-method status="PASS" signature="writeExtentReport()[pri:0, instance:com.qa.actitime.automation.runners.TestRunner@273e7444]" name="writeExtentReport" is-config="true" duration-ms="17" started-at="2021-04-06T16:36:19Z" finished-at="2021-04-06T16:36:19Z">
          <reporter-output>
          </reporter-output>
        </test-method> <!-- writeExtentReport -->
        <test-method status="PASS" signature="tearDownClass()[pri:0, instance:com.qa.actitime.automation.runners.TestRunner@273e7444]" name="tearDownClass" is-config="true" duration-ms="194" started-at="2021-04-06T16:36:19Z" finished-at="2021-04-06T16:36:19Z">
          <reporter-output>
          </reporter-output>
        </test-method> <!-- tearDownClass -->
        <test-method status="PASS" signature="success()[pri:0, instance:com.qa.actitime.automation.runners.TestRunner@273e7444]" name="success" is-config="true" duration-ms="0" started-at="2021-04-06T16:36:19Z" finished-at="2021-04-06T16:36:19Z">
          <reporter-output>
          </reporter-output>
        </test-method> <!-- success -->
      </class> <!-- com.qa.actitime.automation.runners.TestRunner -->
    </test> <!-- Default test -->
  </suite> <!-- Default suite -->
</testng-results>
